INFO 2025-12-05 18:23:40,679 autoreload 2716 11816 Watching for file changes with StatReloader
INFO 2025-12-05 18:23:40,821 autoreload 24364 23508 Watching for file changes with StatReloader
INFO 2025-12-05 18:24:42,256 autoreload 7748 4276 Watching for file changes with StatReloader
INFO 2025-12-05 18:25:24,356 api_views 2716 22972 Login request received
INFO 2025-12-05 18:25:24,356 api_views 2716 22972 Request data: {'email': 'admin@hotel.com', 'password': 'admin123'}
INFO 2025-12-05 18:25:24,357 api_views 2716 22972 Request headers: {'Content-Length': '52', 'Content-Type': 'application/json', 'Host': '127.0.0.1:8000', 'User-Agent': 'python-requests/2.32.3', 'Accept-Encoding': 'gzip, deflate', 'Accept': '*/*', 'Connection': 'keep-alive'}
INFO 2025-12-05 18:25:24,357 api_views 2716 22972 Content type: application/json
INFO 2025-12-05 18:25:24,775 api_views 2716 22972 JWT response status: 200
INFO 2025-12-05 18:25:24,775 api_views 2716 22972 Looking up user with email: admin@hotel.com
INFO 2025-12-05 18:25:24,776 api_views 2716 22972 Added user role admin to response
INFO 2025-12-05 18:25:24,776 api_views 2716 22972 Added payload field for frontend compatibility
INFO 2025-12-05 18:25:24,781 api_views 2716 22972 Logged login action for user admin@hotel.com
INFO 2025-12-05 18:25:24,781 api_views 2716 22972 Returning response with data keys: ['refresh', 'access', 'user_role', 'payload']
INFO 2025-12-05 18:25:24,781 api_views 2716 22972 Response data: {'refresh': 'eyJhbGciOiJIUzI1NiIsInR5cCI6IkpXVCJ9.eyJ0b2tlbl90eXBlIjoicmVmcmVzaCIsImV4cCI6MTc2NTA0MTkyNCwiaWF0IjoxNzY0OTU1NTI0LCJqdGkiOiJkOGJiMGU0OGI3YjM0ZjNlYTJkYzc4MTYwNTAwMzJhMiIsInVzZXJfaWQiOiIxIn0.tGnSnsJ9JFUQznkFtofgC9Zf1bby2lKYe70Lyc_f5aU', 'access': 'eyJhbGciOiJIUzI1NiIsInR5cCI6IkpXVCJ9.eyJ0b2tlbl90eXBlIjoiYWNjZXNzIiwiZXhwIjoxNzY0OTU5MTI0LCJpYXQiOjE3NjQ5NTU1MjQsImp0aSI6IjkwODkwMGJhM2U1ZjRiNGY4YTk5NzY5YmVkNDZmZWZkIiwidXNlcl9pZCI6IjEifQ.H1NaiMVqpsmT23vsON_HRkc8v9w7Uwcr-8KPBtcLgAQ', 'user_role': 'admin', 'payload': {'access': 'eyJhbGciOiJIUzI1NiIsInR5cCI6IkpXVCJ9.eyJ0b2tlbl90eXBlIjoiYWNjZXNzIiwiZXhwIjoxNzY0OTU5MTI0LCJpYXQiOjE3NjQ5NTU1MjQsImp0aSI6IjkwODkwMGJhM2U1ZjRiNGY4YTk5NzY5YmVkNDZmZWZkIiwidXNlcl9pZCI6IjEifQ.H1NaiMVqpsmT23vsON_HRkc8v9w7Uwcr-8KPBtcLgAQ', 'refresh': 'eyJhbGciOiJIUzI1NiIsInR5cCI6IkpXVCJ9.eyJ0b2tlbl90eXBlIjoicmVmcmVzaCIsImV4cCI6MTc2NTA0MTkyNCwiaWF0IjoxNzY0OTU1NTI0LCJqdGkiOiJkOGJiMGU0OGI3YjM0ZjNlYTJkYzc4MTYwNTAwMzJhMiIsInVzZXJfaWQiOiIxIn0.tGnSnsJ9JFUQznkFtofgC9Zf1bby2lKYe70Lyc_f5aU', 'user_role': 'admin'}}
INFO 2025-12-05 18:25:24,782 basehttp 2716 22972 "POST /api/auth/login/ HTTP/1.1" 200 1029
WARNING 2025-12-05 18:25:24,788 log 2716 13096 Forbidden (CSRF cookie not set.): /accounts/login/
WARNING 2025-12-05 18:25:24,789 basehttp 2716 13096 "POST /accounts/login/ HTTP/1.1" 403 2855
INFO 2025-12-05 18:25:53,766 autoreload 7748 4276 C:\Users\Soulayman\django\accounts\views.py changed, reloading.
INFO 2025-12-05 18:25:54,077 autoreload 2716 11816 C:\Users\Soulayman\django\accounts\views.py changed, reloading.
INFO 2025-12-05 18:25:54,079 autoreload 24364 23508 C:\Users\Soulayman\django\accounts\views.py changed, reloading.
INFO 2025-12-05 18:25:54,163 autoreload 9128 3260 Watching for file changes with StatReloader
INFO 2025-12-05 18:25:54,526 autoreload 4480 8520 Watching for file changes with StatReloader
INFO 2025-12-05 18:25:54,527 autoreload 17736 24072 Watching for file changes with StatReloader
INFO 2025-12-05 18:26:36,996 api_views 9128 23840 Login request received
INFO 2025-12-05 18:26:36,996 api_views 9128 23840 Request data: {'email': 'admin@hotel.com', 'password': 'admin123'}
INFO 2025-12-05 18:26:36,996 api_views 9128 23840 Request headers: {'Content-Length': '52', 'Content-Type': 'application/json', 'Host': '127.0.0.1:8000', 'User-Agent': 'python-requests/2.32.3', 'Accept-Encoding': 'gzip, deflate', 'Accept': '*/*', 'Connection': 'keep-alive'}
INFO 2025-12-05 18:26:36,996 api_views 9128 23840 Content type: application/json
INFO 2025-12-05 18:26:37,431 api_views 9128 23840 JWT response status: 200
INFO 2025-12-05 18:26:37,431 api_views 9128 23840 Looking up user with email: admin@hotel.com
INFO 2025-12-05 18:26:37,432 api_views 9128 23840 Added user role admin to response
INFO 2025-12-05 18:26:37,432 api_views 9128 23840 Added payload field for frontend compatibility
INFO 2025-12-05 18:26:37,438 api_views 9128 23840 Logged login action for user admin@hotel.com
INFO 2025-12-05 18:26:37,438 api_views 9128 23840 Returning response with data keys: ['refresh', 'access', 'user_role', 'payload']
INFO 2025-12-05 18:26:37,438 api_views 9128 23840 Response data: {'refresh': 'eyJhbGciOiJIUzI1NiIsInR5cCI6IkpXVCJ9.eyJ0b2tlbl90eXBlIjoicmVmcmVzaCIsImV4cCI6MTc2NTA0MTk5NywiaWF0IjoxNzY0OTU1NTk3LCJqdGkiOiJiMWQzNTE5ZWUyNDg0YzQwYTBmNzMzMWY0OTY5ODZiOSIsInVzZXJfaWQiOiIxIn0.vzbY7-m4OFC-fRSWCEhD5Vr2tlsOtueDS-LFKgBz-tc', 'access': 'eyJhbGciOiJIUzI1NiIsInR5cCI6IkpXVCJ9.eyJ0b2tlbl90eXBlIjoiYWNjZXNzIiwiZXhwIjoxNzY0OTU5MTk3LCJpYXQiOjE3NjQ5NTU1OTcsImp0aSI6Ijc3NTUyNDNjNTBlYjQ5OTU5NDQxMzAxMDQzNjYwOTA1IiwidXNlcl9pZCI6IjEifQ.xht1FXC28L2g5M5eYAOJAeWfddpAThuK-Wwqe-84xCc', 'user_role': 'admin', 'payload': {'access': 'eyJhbGciOiJIUzI1NiIsInR5cCI6IkpXVCJ9.eyJ0b2tlbl90eXBlIjoiYWNjZXNzIiwiZXhwIjoxNzY0OTU5MTk3LCJpYXQiOjE3NjQ5NTU1OTcsImp0aSI6Ijc3NTUyNDNjNTBlYjQ5OTU5NDQxMzAxMDQzNjYwOTA1IiwidXNlcl9pZCI6IjEifQ.xht1FXC28L2g5M5eYAOJAeWfddpAThuK-Wwqe-84xCc', 'refresh': 'eyJhbGciOiJIUzI1NiIsInR5cCI6IkpXVCJ9.eyJ0b2tlbl90eXBlIjoicmVmcmVzaCIsImV4cCI6MTc2NTA0MTk5NywiaWF0IjoxNzY0OTU1NTk3LCJqdGkiOiJiMWQzNTE5ZWUyNDg0YzQwYTBmNzMzMWY0OTY5ODZiOSIsInVzZXJfaWQiOiIxIn0.vzbY7-m4OFC-fRSWCEhD5Vr2tlsOtueDS-LFKgBz-tc', 'user_role': 'admin'}}
INFO 2025-12-05 18:26:37,439 basehttp 9128 23840 "POST /api/auth/login/ HTTP/1.1" 200 1029
INFO 2025-12-05 18:26:37,442 views 9128 9984 Template login view accessed
INFO 2025-12-05 18:26:37,442 views 9128 9984 Request method: POST
INFO 2025-12-05 18:26:37,442 views 9128 9984 User authenticated: False
INFO 2025-12-05 18:26:37,442 views 9128 9984 Processing POST login request
INFO 2025-12-05 18:26:37,442 views 9128 9984 Request content type: application/x-www-form-urlencoded
INFO 2025-12-05 18:26:37,443 views 9128 9984 Request body: b'email=admin%40hotel.com&password=admin123'
INFO 2025-12-05 18:26:37,443 views 9128 9984 Request POST data: <QueryDict: {'email': ['admin@hotel.com'], 'password': ['admin123']}>
INFO 2025-12-05 18:26:37,443 views 9128 9984 Not JSON data, using form data
INFO 2025-12-05 18:26:37,443 views 9128 9984 Form data - Email: admin@hotel.com
INFO 2025-12-05 18:26:37,443 views 9128 9984 Attempting authentication for email: admin@hotel.com
INFO 2025-12-05 18:26:37,867 views 9128 9984 Authentication result: Success
INFO 2025-12-05 18:26:37,876 views 9128 9984 User admin@hotel.com logged in successfully
INFO 2025-12-05 18:26:37,876 views 9128 9984 Returning redirect response for form submission
INFO 2025-12-05 18:26:37,887 basehttp 9128 9984 "POST /accounts/login/ HTTP/1.1" 302 0
INFO 2025-12-05 18:26:37,897 basehttp 9128 9984 "GET /dashboards/admin/ HTTP/1.1" 200 15905
INFO 2025-12-05 18:27:44,548 api_views 9128 7624 Login request received
INFO 2025-12-05 18:27:44,548 api_views 9128 7624 Request data: {'email': 'sou@gmail.com', 'password': 'azerty123456'}
INFO 2025-12-05 18:27:44,549 api_views 9128 7624 Request headers: {'Content-Length': '54', 'Content-Type': 'application/json', 'Host': '127.0.0.1:8000', 'User-Agent': 'python-requests/2.32.3', 'Accept-Encoding': 'gzip, deflate', 'Accept': '*/*', 'Connection': 'keep-alive'}
INFO 2025-12-05 18:27:44,549 api_views 9128 7624 Content type: application/json
INFO 2025-12-05 18:27:44,955 api_views 9128 7624 JWT response status: 200
INFO 2025-12-05 18:27:44,955 api_views 9128 7624 Looking up user with email: sou@gmail.com
INFO 2025-12-05 18:27:44,956 api_views 9128 7624 Added user role reception to response
INFO 2025-12-05 18:27:44,956 api_views 9128 7624 Added payload field for frontend compatibility
INFO 2025-12-05 18:27:44,961 api_views 9128 7624 Logged login action for user sou@gmail.com
INFO 2025-12-05 18:27:44,961 api_views 9128 7624 Returning response with data keys: ['refresh', 'access', 'user_role', 'payload']
INFO 2025-12-05 18:27:44,961 api_views 9128 7624 Response data: {'refresh': 'eyJhbGciOiJIUzI1NiIsInR5cCI6IkpXVCJ9.eyJ0b2tlbl90eXBlIjoicmVmcmVzaCIsImV4cCI6MTc2NTA0MjA2NCwiaWF0IjoxNzY0OTU1NjY0LCJqdGkiOiIzMjdhN2YwYzIxNTQ0YzJjOWU2N2I4ODlhZjk3MTA2NiIsInVzZXJfaWQiOiIzIn0.e9rl2KHLsy3GY33wBNLHMz0McBm5dw9HttW1BJyXPtU', 'access': 'eyJhbGciOiJIUzI1NiIsInR5cCI6IkpXVCJ9.eyJ0b2tlbl90eXBlIjoiYWNjZXNzIiwiZXhwIjoxNzY0OTU5MjY0LCJpYXQiOjE3NjQ5NTU2NjQsImp0aSI6IjEyM2FiMzgyYTM3ZTRhZGE5NGQ1OTUyZjAyMTk1ZmU5IiwidXNlcl9pZCI6IjMifQ.jZT8k3zNwevYNeEKfBhA6-p4_elJlWOt3SZ9ekVkjnQ', 'user_role': 'reception', 'payload': {'access': 'eyJhbGciOiJIUzI1NiIsInR5cCI6IkpXVCJ9.eyJ0b2tlbl90eXBlIjoiYWNjZXNzIiwiZXhwIjoxNzY0OTU5MjY0LCJpYXQiOjE3NjQ5NTU2NjQsImp0aSI6IjEyM2FiMzgyYTM3ZTRhZGE5NGQ1OTUyZjAyMTk1ZmU5IiwidXNlcl9pZCI6IjMifQ.jZT8k3zNwevYNeEKfBhA6-p4_elJlWOt3SZ9ekVkjnQ', 'refresh': 'eyJhbGciOiJIUzI1NiIsInR5cCI6IkpXVCJ9.eyJ0b2tlbl90eXBlIjoicmVmcmVzaCIsImV4cCI6MTc2NTA0MjA2NCwiaWF0IjoxNzY0OTU1NjY0LCJqdGkiOiIzMjdhN2YwYzIxNTQ0YzJjOWU2N2I4ODlhZjk3MTA2NiIsInVzZXJfaWQiOiIzIn0.e9rl2KHLsy3GY33wBNLHMz0McBm5dw9HttW1BJyXPtU', 'user_role': 'reception'}}
INFO 2025-12-05 18:27:44,962 basehttp 9128 7624 "POST /api/auth/login/ HTTP/1.1" 200 1037
INFO 2025-12-05 18:28:04,199 autoreload 17736 24072 C:\Users\Soulayman\django\accounts\api_views.py changed, reloading.
INFO 2025-12-05 18:28:04,507 autoreload 9128 3260 C:\Users\Soulayman\django\hotel_management\settings.py changed, reloading.
INFO 2025-12-05 18:28:04,689 autoreload 10348 16668 Watching for file changes with StatReloader
INFO 2025-12-05 18:28:05,023 autoreload 20844 24548 Watching for file changes with StatReloader
INFO 2025-12-05 18:28:05,233 autoreload 4480 8520 C:\Users\Soulayman\django\accounts\api_views.py changed, reloading.
INFO 2025-12-05 18:28:05,737 autoreload 1588 2772 Watching for file changes with StatReloader
INFO 2025-12-05 18:28:06,957 views 10348 23620 Template login view accessed
INFO 2025-12-05 18:28:06,957 views 10348 23620 Request method: POST
INFO 2025-12-05 18:28:06,957 views 10348 23620 User authenticated: False
INFO 2025-12-05 18:28:06,958 views 10348 23620 Processing POST login request
INFO 2025-12-05 18:28:06,958 views 10348 23620 Request content type: application/x-www-form-urlencoded
INFO 2025-12-05 18:28:06,958 views 10348 23620 Request body: b'email=sou%40gmail.com&password=azerty123456'
INFO 2025-12-05 18:28:06,958 views 10348 23620 Request POST data: <QueryDict: {'email': ['sou@gmail.com'], 'password': ['azerty123456']}>
INFO 2025-12-05 18:28:06,959 views 10348 23620 Not JSON data, using form data
INFO 2025-12-05 18:28:06,959 views 10348 23620 Form data - Email: sou@gmail.com
INFO 2025-12-05 18:28:06,959 views 10348 23620 Attempting authentication for email: sou@gmail.com
INFO 2025-12-05 18:28:07,357 views 10348 23620 Authentication result: Success
INFO 2025-12-05 18:28:07,366 views 10348 23620 User sou@gmail.com logged in successfully
INFO 2025-12-05 18:28:07,366 views 10348 23620 Returning redirect response for form submission
INFO 2025-12-05 18:28:07,375 basehttp 10348 23620 "POST /accounts/login/ HTTP/1.1" 302 0
INFO 2025-12-05 18:28:07,383 basehttp 10348 23620 "GET /dashboards/reception/ HTTP/1.1" 200 16059
INFO 2025-12-05 18:28:49,704 api_views 10348 12108 Login request received
INFO 2025-12-05 18:28:49,705 api_views 10348 12108 Request data: {'email': 'sou@gmail.com', 'password': 'wrongpassword'}
INFO 2025-12-05 18:28:49,705 api_views 10348 12108 Request headers: {'Content-Length': '55', 'Content-Type': 'application/json', 'Host': '127.0.0.1:8000', 'User-Agent': 'python-requests/2.32.3', 'Accept-Encoding': 'gzip, deflate', 'Accept': '*/*', 'Connection': 'keep-alive'}
INFO 2025-12-05 18:28:49,705 api_views 10348 12108 Content type: application/json
ERROR 2025-12-05 18:28:50,111 api_views 10348 12108 Exception in login view: No active account found with the given credentials
Traceback (most recent call last):
  File "C:\Users\Soulayman\django\accounts\api_views.py", line 53, in post
    response = super().post(request, *args, **kwargs)
  File "C:\Users\Soulayman\AppData\Local\Programs\Python\Python313\Lib\site-packages\rest_framework_simplejwt\views.py", line 46, in post
    serializer.is_valid(raise_exception=True)
    ~~~~~~~~~~~~~~~~~~~^^^^^^^^^^^^^^^^^^^^^^
  File "C:\Users\Soulayman\AppData\Local\Programs\Python\Python313\Lib\site-packages\rest_framework\serializers.py", line 225, in is_valid
    self._validated_data = self.run_validation(self.initial_data)
                           ~~~~~~~~~~~~~~~~~~~^^^^^^^^^^^^^^^^^^^
  File "C:\Users\Soulayman\AppData\Local\Programs\Python\Python313\Lib\site-packages\rest_framework\serializers.py", line 447, in run_validation
    value = self.validate(value)
  File "C:\Users\Soulayman\AppData\Local\Programs\Python\Python313\Lib\site-packages\rest_framework_simplejwt\serializers.py", line 73, in validate
    data = super().validate(attrs)
  File "C:\Users\Soulayman\AppData\Local\Programs\Python\Python313\Lib\site-packages\rest_framework_simplejwt\serializers.py", line 57, in validate
    raise exceptions.AuthenticationFailed(
    ...<2 lines>...
    )
rest_framework.exceptions.AuthenticationFailed: No active account found with the given credentials
WARNING 2025-12-05 18:28:50,116 log 10348 12108 Unauthorized: /api/auth/login/
WARNING 2025-12-05 18:28:50,116 basehttp 10348 12108 "POST /api/auth/login/ HTTP/1.1" 401 63
INFO 2025-12-05 18:29:18,373 basehttp 10348 24100 "GET / HTTP/1.1" 200 7792
INFO 2025-12-05 18:29:18,482 basehttp 10348 24100 "GET /static/css/tailwind.css HTTP/1.1" 304 0
INFO 2025-12-05 18:29:32,497 api_views 10348 24100 Login request received
INFO 2025-12-05 18:29:32,497 api_views 10348 24100 Request data: {'email': 'sou@gmail.com', 'password': 'azerty123456'}
INFO 2025-12-05 18:29:32,497 api_views 10348 24100 Request headers: {'Content-Length': '51', 'Content-Type': 'application/json', 'Host': '127.0.0.1:8000', 'Connection': 'keep-alive', 'Sec-Ch-Ua-Platform': '"Windows"', 'User-Agent': 'Mozilla/5.0 (Windows NT 10.0; Win64; x64) AppleWebKit/537.36 (KHTML, like Gecko) Chrome/140.0.0.0 Safari/537.36 OPR/124.0.0.0', 'Sec-Ch-Ua': '"Chromium";v="140", "Not=A?Brand";v="24", "Opera GX";v="124"', 'Sec-Ch-Ua-Mobile': '?0', 'Accept': '*/*', 'Origin': 'http://127.0.0.1:8000', 'Sec-Fetch-Site': 'same-origin', 'Sec-Fetch-Mode': 'cors', 'Sec-Fetch-Dest': 'empty', 'Referer': 'http://127.0.0.1:8000/', 'Accept-Encoding': 'gzip, deflate, br, zstd', 'Accept-Language': 'fr-FR,fr;q=0.9,en-US;q=0.8,en;q=0.7,ar;q=0.6,ja;q=0.5,es;q=0.4,id;q=0.3,de;q=0.2,th;q=0.1', 'Cookie': 'csrftoken=KtXrOJr2YLO2NMksHXoQbny6V2gQNiKW'}
INFO 2025-12-05 18:29:32,498 api_views 10348 24100 Content type: application/json
INFO 2025-12-05 18:29:33,032 api_views 10348 24100 JWT response status: 200
INFO 2025-12-05 18:29:33,033 api_views 10348 24100 Looking up user with email: sou@gmail.com
INFO 2025-12-05 18:29:33,033 api_views 10348 24100 Added user role reception to response
INFO 2025-12-05 18:29:33,034 api_views 10348 24100 Added payload field for frontend compatibility
INFO 2025-12-05 18:29:33,039 api_views 10348 24100 Logged login action for user sou@gmail.com
INFO 2025-12-05 18:29:33,039 api_views 10348 24100 Returning response with data keys: ['refresh', 'access', 'user_role', 'payload']
INFO 2025-12-05 18:29:33,040 api_views 10348 24100 Response data: {'refresh': 'eyJhbGciOiJIUzI1NiIsInR5cCI6IkpXVCJ9.eyJ0b2tlbl90eXBlIjoicmVmcmVzaCIsImV4cCI6MTc2NTA0MjE3MywiaWF0IjoxNzY0OTU1NzczLCJqdGkiOiI2ZTZjOTY2YTU1MmI0N2Q4OTY1ZWY2OTU4ZGZjZGExNSIsInVzZXJfaWQiOiIzIn0.u8KiBdyvmkKICpJQEcnxr-Pf8XUF6GQuzGbGQL6V-aQ', 'access': 'eyJhbGciOiJIUzI1NiIsInR5cCI6IkpXVCJ9.eyJ0b2tlbl90eXBlIjoiYWNjZXNzIiwiZXhwIjoxNzY0OTU5MzczLCJpYXQiOjE3NjQ5NTU3NzMsImp0aSI6Ijk3M2VmMTlhMzhhZjQ2YWJiN2U1OWU4MGUyNzVjOTc4IiwidXNlcl9pZCI6IjMifQ.nQOVs8DObLn-r1Ecmo51M5iEJ-DhSRojzmHcv1x0K-c', 'user_role': 'reception', 'payload': {'access': 'eyJhbGciOiJIUzI1NiIsInR5cCI6IkpXVCJ9.eyJ0b2tlbl90eXBlIjoiYWNjZXNzIiwiZXhwIjoxNzY0OTU5MzczLCJpYXQiOjE3NjQ5NTU3NzMsImp0aSI6Ijk3M2VmMTlhMzhhZjQ2YWJiN2U1OWU4MGUyNzVjOTc4IiwidXNlcl9pZCI6IjMifQ.nQOVs8DObLn-r1Ecmo51M5iEJ-DhSRojzmHcv1x0K-c', 'refresh': 'eyJhbGciOiJIUzI1NiIsInR5cCI6IkpXVCJ9.eyJ0b2tlbl90eXBlIjoicmVmcmVzaCIsImV4cCI6MTc2NTA0MjE3MywiaWF0IjoxNzY0OTU1NzczLCJqdGkiOiI2ZTZjOTY2YTU1MmI0N2Q4OTY1ZWY2OTU4ZGZjZGExNSIsInVzZXJfaWQiOiIzIn0.u8KiBdyvmkKICpJQEcnxr-Pf8XUF6GQuzGbGQL6V-aQ', 'user_role': 'reception'}}
INFO 2025-12-05 18:29:33,041 basehttp 10348 24100 "POST /api/auth/login/ HTTP/1.1" 200 1037
WARNING 2025-12-05 18:29:33,066 log 10348 24100 Unauthorized: /api/dashboard/stats/
WARNING 2025-12-05 18:29:33,067 basehttp 10348 24100 "GET /api/dashboard/stats/ HTTP/1.1" 401 9897
INFO 2025-12-05 18:32:05,321 autoreload 20844 24548 C:\Users\Soulayman\django\accounts\views.py changed, reloading.
INFO 2025-12-05 18:32:05,487 autoreload 10348 16668 C:\Users\Soulayman\django\accounts\views.py changed, reloading.
INFO 2025-12-05 18:32:05,753 autoreload 7324 3692 Watching for file changes with StatReloader
INFO 2025-12-05 18:32:05,909 autoreload 6296 4920 Watching for file changes with StatReloader
INFO 2025-12-05 18:32:05,979 autoreload 1588 2772 C:\Users\Soulayman\django\accounts\views.py changed, reloading.
INFO 2025-12-05 18:32:06,405 autoreload 9588 11212 Watching for file changes with StatReloader
INFO 2025-12-05 18:32:34,974 api_views 7324 4076 Login request received
INFO 2025-12-05 18:32:34,974 api_views 7324 4076 Request data: {'email': 'sou@gmail.com', 'password': 'azerty123456'}
INFO 2025-12-05 18:32:34,974 api_views 7324 4076 Request headers: {'Content-Length': '54', 'Content-Type': 'application/json', 'Host': '127.0.0.1:8000', 'User-Agent': 'python-requests/2.32.3', 'Accept-Encoding': 'gzip, deflate', 'Accept': '*/*', 'Connection': 'keep-alive'}
INFO 2025-12-05 18:32:34,975 api_views 7324 4076 Content type: application/json
INFO 2025-12-05 18:32:35,397 api_views 7324 4076 JWT response status: 200
INFO 2025-12-05 18:32:35,398 api_views 7324 4076 Looking up user with email: sou@gmail.com
INFO 2025-12-05 18:32:35,399 api_views 7324 4076 Added user role reception to response
INFO 2025-12-05 18:32:35,399 api_views 7324 4076 Added payload field for frontend compatibility
INFO 2025-12-05 18:32:35,404 api_views 7324 4076 Logged login action for user sou@gmail.com
INFO 2025-12-05 18:32:35,404 api_views 7324 4076 Returning response with data keys: ['refresh', 'access', 'user_role', 'payload']
INFO 2025-12-05 18:32:35,404 api_views 7324 4076 Response data: {'refresh': 'eyJhbGciOiJIUzI1NiIsInR5cCI6IkpXVCJ9.eyJ0b2tlbl90eXBlIjoicmVmcmVzaCIsImV4cCI6MTc2NTA0MjM1NSwiaWF0IjoxNzY0OTU1OTU1LCJqdGkiOiIzMjA0MjM5ODQxMGU0NGYwYTM1MGIwMDJkODhkZTQ3ZCIsInVzZXJfaWQiOiIzIn0.M-Uzpaw7Q9A7v5oFE2aT2A7inZitVOgyZHOitVKTbM8', 'access': 'eyJhbGciOiJIUzI1NiIsInR5cCI6IkpXVCJ9.eyJ0b2tlbl90eXBlIjoiYWNjZXNzIiwiZXhwIjoxNzY0OTU5NTU1LCJpYXQiOjE3NjQ5NTU5NTUsImp0aSI6ImRiMjlhYjVmOWJkZTRkMjY5ZmY5MjU4NmUyYzlmZTE5IiwidXNlcl9pZCI6IjMifQ.gedfrMHaJ9L8ckwrOVGRj5dFitvHTGNhuCHFfSiEkKQ', 'user_role': 'reception', 'payload': {'access': 'eyJhbGciOiJIUzI1NiIsInR5cCI6IkpXVCJ9.eyJ0b2tlbl90eXBlIjoiYWNjZXNzIiwiZXhwIjoxNzY0OTU5NTU1LCJpYXQiOjE3NjQ5NTU5NTUsImp0aSI6ImRiMjlhYjVmOWJkZTRkMjY5ZmY5MjU4NmUyYzlmZTE5IiwidXNlcl9pZCI6IjMifQ.gedfrMHaJ9L8ckwrOVGRj5dFitvHTGNhuCHFfSiEkKQ', 'refresh': 'eyJhbGciOiJIUzI1NiIsInR5cCI6IkpXVCJ9.eyJ0b2tlbl90eXBlIjoicmVmcmVzaCIsImV4cCI6MTc2NTA0MjM1NSwiaWF0IjoxNzY0OTU1OTU1LCJqdGkiOiIzMjA0MjM5ODQxMGU0NGYwYTM1MGIwMDJkODhkZTQ3ZCIsInVzZXJfaWQiOiIzIn0.M-Uzpaw7Q9A7v5oFE2aT2A7inZitVOgyZHOitVKTbM8', 'user_role': 'reception'}}
INFO 2025-12-05 18:32:35,405 basehttp 7324 4076 "POST /api/auth/login/ HTTP/1.1" 200 1037
INFO 2025-12-05 18:32:46,772 views 7324 6652 Template login view accessed
INFO 2025-12-05 18:32:46,773 views 7324 6652 Request method: POST
INFO 2025-12-05 18:32:46,773 views 7324 6652 User authenticated: False
INFO 2025-12-05 18:32:46,773 views 7324 6652 Processing POST login request
INFO 2025-12-05 18:32:46,773 views 7324 6652 Request content type: application/x-www-form-urlencoded
INFO 2025-12-05 18:32:46,774 views 7324 6652 Request body: b'email=sou%40gmail.com&password=azerty123456'
INFO 2025-12-05 18:32:46,774 views 7324 6652 Request POST data: <QueryDict: {'email': ['sou@gmail.com'], 'password': ['azerty123456']}>
INFO 2025-12-05 18:32:46,775 views 7324 6652 Not JSON data, using form data
INFO 2025-12-05 18:32:46,775 views 7324 6652 Form data - Email: sou@gmail.com
INFO 2025-12-05 18:32:46,775 views 7324 6652 Attempting authentication for email: sou@gmail.com
INFO 2025-12-05 18:32:47,196 views 7324 6652 Authentication result: Success
INFO 2025-12-05 18:32:47,203 views 7324 6652 User sou@gmail.com logged in successfully
INFO 2025-12-05 18:32:47,203 views 7324 6652 Returning redirect response for form submission
INFO 2025-12-05 18:32:47,213 basehttp 7324 6652 "POST /accounts/login/ HTTP/1.1" 302 0
INFO 2025-12-05 18:32:47,221 basehttp 7324 6652 "GET /dashboards/reception/ HTTP/1.1" 200 16059
INFO 2025-12-05 18:33:07,165 autoreload 6296 4920 C:\Users\Soulayman\django\accounts\views.py changed, reloading.
INFO 2025-12-05 18:33:07,327 autoreload 7324 3692 C:\Users\Soulayman\django\accounts\views.py changed, reloading.
INFO 2025-12-05 18:33:07,601 autoreload 3884 13740 Watching for file changes with StatReloader
INFO 2025-12-05 18:33:07,642 autoreload 9588 11212 C:\Users\Soulayman\django\accounts\views.py changed, reloading.
INFO 2025-12-05 18:33:07,796 autoreload 24116 1536 Watching for file changes with StatReloader
INFO 2025-12-05 18:33:08,063 autoreload 2172 17388 Watching for file changes with StatReloader
INFO 2025-12-05 18:35:05,689 basehttp 3884 10464 "GET / HTTP/1.1" 200 7786
INFO 2025-12-05 18:35:20,822 api_views 3884 10464 Login request received
INFO 2025-12-05 18:35:20,822 api_views 3884 10464 Request data: {'email': 'sou@gmail.com', 'password': 'azerty123456'}
INFO 2025-12-05 18:35:20,822 api_views 3884 10464 Request headers: {'Content-Length': '51', 'Content-Type': 'application/json', 'Host': '127.0.0.1:8000', 'Connection': 'keep-alive', 'Sec-Ch-Ua-Platform': '"Windows"', 'User-Agent': 'Mozilla/5.0 (Windows NT 10.0; Win64; x64) AppleWebKit/537.36 (KHTML, like Gecko) Chrome/140.0.0.0 Safari/537.36 OPR/124.0.0.0', 'Sec-Ch-Ua': '"Chromium";v="140", "Not=A?Brand";v="24", "Opera GX";v="124"', 'Sec-Ch-Ua-Mobile': '?0', 'Accept': '*/*', 'Origin': 'http://127.0.0.1:8000', 'Sec-Fetch-Site': 'same-origin', 'Sec-Fetch-Mode': 'cors', 'Sec-Fetch-Dest': 'empty', 'Referer': 'http://127.0.0.1:8000/', 'Accept-Encoding': 'gzip, deflate, br, zstd', 'Accept-Language': 'fr-FR,fr;q=0.9,en-US;q=0.8,en;q=0.7,ar;q=0.6,ja;q=0.5,es;q=0.4,id;q=0.3,de;q=0.2,th;q=0.1', 'Cookie': 'csrftoken=KtXrOJr2YLO2NMksHXoQbny6V2gQNiKW'}
INFO 2025-12-05 18:35:20,822 api_views 3884 10464 Content type: application/json
INFO 2025-12-05 18:35:21,362 api_views 3884 10464 JWT response status: 200
INFO 2025-12-05 18:35:21,362 api_views 3884 10464 Looking up user with email: sou@gmail.com
INFO 2025-12-05 18:35:21,363 api_views 3884 10464 Added user role reception to response
INFO 2025-12-05 18:35:21,363 api_views 3884 10464 Added payload field for frontend compatibility
INFO 2025-12-05 18:35:21,369 api_views 3884 10464 Logged login action for user sou@gmail.com
INFO 2025-12-05 18:35:21,369 api_views 3884 10464 Returning response with data keys: ['refresh', 'access', 'user_role', 'payload']
INFO 2025-12-05 18:35:21,369 api_views 3884 10464 Response data: {'refresh': 'eyJhbGciOiJIUzI1NiIsInR5cCI6IkpXVCJ9.eyJ0b2tlbl90eXBlIjoicmVmcmVzaCIsImV4cCI6MTc2NTA0MjUyMSwiaWF0IjoxNzY0OTU2MTIxLCJqdGkiOiJmZWI5OTU5MzFlODE0NGVjYjdkMmQzMTFjMjJkYjVmYyIsInVzZXJfaWQiOiIzIn0.Dm1L_NyueBijL4fjTyTxFsY-USuywvVgVI5VeIB7VUA', 'access': 'eyJhbGciOiJIUzI1NiIsInR5cCI6IkpXVCJ9.eyJ0b2tlbl90eXBlIjoiYWNjZXNzIiwiZXhwIjoxNzY0OTU5NzIxLCJpYXQiOjE3NjQ5NTYxMjEsImp0aSI6IjRkZjQyZWY0ZGVhZTRlMzk4YjEyNWJmMTMyYzk1MjYzIiwidXNlcl9pZCI6IjMifQ.ZLMei5lwJjPCj7uTL1a2UwnzWuEmXKf_gbV9mv5P2f8', 'user_role': 'reception', 'payload': {'access': 'eyJhbGciOiJIUzI1NiIsInR5cCI6IkpXVCJ9.eyJ0b2tlbl90eXBlIjoiYWNjZXNzIiwiZXhwIjoxNzY0OTU5NzIxLCJpYXQiOjE3NjQ5NTYxMjEsImp0aSI6IjRkZjQyZWY0ZGVhZTRlMzk4YjEyNWJmMTMyYzk1MjYzIiwidXNlcl9pZCI6IjMifQ.ZLMei5lwJjPCj7uTL1a2UwnzWuEmXKf_gbV9mv5P2f8', 'refresh': 'eyJhbGciOiJIUzI1NiIsInR5cCI6IkpXVCJ9.eyJ0b2tlbl90eXBlIjoicmVmcmVzaCIsImV4cCI6MTc2NTA0MjUyMSwiaWF0IjoxNzY0OTU2MTIxLCJqdGkiOiJmZWI5OTU5MzFlODE0NGVjYjdkMmQzMTFjMjJkYjVmYyIsInVzZXJfaWQiOiIzIn0.Dm1L_NyueBijL4fjTyTxFsY-USuywvVgVI5VeIB7VUA', 'user_role': 'reception'}}
INFO 2025-12-05 18:35:21,370 basehttp 3884 10464 "POST /api/auth/login/ HTTP/1.1" 200 1037
INFO 2025-12-05 18:35:21,385 basehttp 3884 10464 "GET /dashboards/reception/ HTTP/1.1" 302 0
INFO 2025-12-05 18:35:21,389 views 3884 10464 Template login view accessed
INFO 2025-12-05 18:35:21,390 views 3884 10464 Request method: GET
INFO 2025-12-05 18:35:21,390 views 3884 10464 User authenticated: False
INFO 2025-12-05 18:35:21,390 views 3884 10464 Rendering login template
INFO 2025-12-05 18:35:21,391 basehttp 3884 10464 "GET /accounts/login/?next=/dashboards/reception/ HTTP/1.1" 200 11406
INFO 2025-12-05 18:35:49,063 views 3884 10464 Template login view accessed
INFO 2025-12-05 18:35:49,063 views 3884 10464 Request method: POST
INFO 2025-12-05 18:35:49,063 views 3884 10464 User authenticated: False
INFO 2025-12-05 18:35:49,064 views 3884 10464 Processing POST login request
INFO 2025-12-05 18:35:49,064 views 3884 10464 Request content type: multipart/form-data
INFO 2025-12-05 18:35:49,064 views 3884 10464 Request body: b'------WebKitFormBoundaryL45YJtLM4LfCGBdD\r\nContent-Disposition: form-data; name="email"\r\n\r\nsou@gmail.com\r\n------WebKitFormBoundaryL45YJtLM4LfCGBdD\r\nContent-Disposition: form-data; name="password"\r\n\r\nazerty123456\r\n------WebKitFormBoundaryL45YJtLM4LfCGBdD\r\nContent-Disposition: form-data; name="csrfmiddlewaretoken"\r\n\r\nmNQ2aximyvN6o8Yvrh2cx2ya7zKqfpORW6DjO6zem6rY1K8NY4gSyfW6SrQ6SxoD\r\n------WebKitFormBoundaryL45YJtLM4LfCGBdD--\r\n'
INFO 2025-12-05 18:35:49,065 views 3884 10464 Request POST data: <QueryDict: {'email': ['sou@gmail.com'], 'password': ['azerty123456'], 'csrfmiddlewaretoken': ['mNQ2aximyvN6o8Yvrh2cx2ya7zKqfpORW6DjO6zem6rY1K8NY4gSyfW6SrQ6SxoD']}>
INFO 2025-12-05 18:35:49,065 views 3884 10464 Not JSON data, using form data
INFO 2025-12-05 18:35:49,065 views 3884 10464 Form data - Email: sou@gmail.com
INFO 2025-12-05 18:35:49,066 views 3884 10464 Attempting authentication for email: sou@gmail.com
INFO 2025-12-05 18:35:49,566 views 3884 10464 Authentication result: Success
INFO 2025-12-05 18:35:49,578 views 3884 10464 User sou@gmail.com logged in successfully
INFO 2025-12-05 18:35:49,578 views 3884 10464 Returning redirect response for form submission
INFO 2025-12-05 18:35:49,583 basehttp 3884 10464 "POST /accounts/login/ HTTP/1.1" 302 0
INFO 2025-12-05 18:35:49,589 basehttp 3884 10464 "GET /dashboards/reception/ HTTP/1.1" 200 16059
INFO 2025-12-05 18:35:49,602 views 3884 10464 Template login view accessed
INFO 2025-12-05 18:35:49,602 views 3884 10464 Request method: GET
INFO 2025-12-05 18:35:49,605 views 3884 10464 User authenticated: True
INFO 2025-12-05 18:35:49,605 views 3884 10464 User already authenticated: sou@gmail.com with role reception
INFO 2025-12-05 18:35:49,606 basehttp 3884 10464 "GET /accounts/login/?next=/dashboards/reception/ HTTP/1.1" 302 0
INFO 2025-12-05 18:35:49,613 basehttp 3884 10464 "GET /dashboards/reception/ HTTP/1.1" 200 16059
INFO 2025-12-05 18:35:49,632 basehttp 3884 10464 "GET /static/css/tailwind.css HTTP/1.1" 304 0
INFO 2025-12-05 18:35:49,686 basehttp 3884 12096 "GET /api/dashboard/charts/room-status/ HTTP/1.1" 200 34
INFO 2025-12-05 18:35:49,692 basehttp 3884 12388 "GET /api/dashboard/charts/booking-trend/ HTTP/1.1" 200 2
INFO 2025-12-05 18:35:49,700 basehttp 3884 10464 "GET /api/dashboard/stats/ HTTP/1.1" 200 277
INFO 2025-12-05 18:36:13,526 api_views 3884 10464 Login request received
INFO 2025-12-05 18:36:13,526 api_views 3884 10464 Request data: {'email': 'sou@gmail.com', 'password': 'azerty123456'}
INFO 2025-12-05 18:36:13,527 api_views 3884 10464 Request headers: {'Content-Length': '51', 'Content-Type': 'application/json', 'Host': '127.0.0.1:8000', 'Connection': 'keep-alive', 'Sec-Ch-Ua-Platform': '"Windows"', 'User-Agent': 'Mozilla/5.0 (Windows NT 10.0; Win64; x64) AppleWebKit/537.36 (KHTML, like Gecko) Chrome/140.0.0.0 Safari/537.36 OPR/124.0.0.0', 'Sec-Ch-Ua': '"Chromium";v="140", "Not=A?Brand";v="24", "Opera GX";v="124"', 'Sec-Ch-Ua-Mobile': '?0', 'Accept': '*/*', 'Origin': 'http://127.0.0.1:8000', 'Sec-Fetch-Site': 'same-origin', 'Sec-Fetch-Mode': 'cors', 'Sec-Fetch-Dest': 'empty', 'Referer': 'http://127.0.0.1:8000/', 'Accept-Encoding': 'gzip, deflate, br, zstd', 'Accept-Language': 'fr-FR,fr;q=0.9,en-US;q=0.8,en;q=0.7,ar;q=0.6,ja;q=0.5,es;q=0.4,id;q=0.3,de;q=0.2,th;q=0.1', 'Cookie': 'csrftoken=OkejJr3a2UvmrzAoSFelf8kTJpyZH2Mf; sessionid=d9gt08xcp2o9a8gtbb8osggu3jc77phn'}
INFO 2025-12-05 18:36:13,527 api_views 3884 10464 Content type: application/json
INFO 2025-12-05 18:36:13,999 api_views 3884 10464 JWT response status: 200
INFO 2025-12-05 18:36:14,000 api_views 3884 10464 Looking up user with email: sou@gmail.com
INFO 2025-12-05 18:36:14,000 api_views 3884 10464 Added user role reception to response
INFO 2025-12-05 18:36:14,001 api_views 3884 10464 Added payload field for frontend compatibility
INFO 2025-12-05 18:36:14,005 api_views 3884 10464 Logged login action for user sou@gmail.com
INFO 2025-12-05 18:36:14,006 api_views 3884 10464 Returning response with data keys: ['refresh', 'access', 'user_role', 'payload']
INFO 2025-12-05 18:36:14,006 api_views 3884 10464 Response data: {'refresh': 'eyJhbGciOiJIUzI1NiIsInR5cCI6IkpXVCJ9.eyJ0b2tlbl90eXBlIjoicmVmcmVzaCIsImV4cCI6MTc2NTA0MjU3MywiaWF0IjoxNzY0OTU2MTczLCJqdGkiOiIxYWJlNzNiMTVjMTg0MTNiOWIyMDFkYmY5ZTlhM2QyMSIsInVzZXJfaWQiOiIzIn0.Ptu814nquHzMF3EEz_c3Dyq0HDzPLVWi7K-OIpV76MA', 'access': 'eyJhbGciOiJIUzI1NiIsInR5cCI6IkpXVCJ9.eyJ0b2tlbl90eXBlIjoiYWNjZXNzIiwiZXhwIjoxNzY0OTU5NzczLCJpYXQiOjE3NjQ5NTYxNzMsImp0aSI6IjZiZTY5YjM0OTVhODQ1OGU4YWQ5NDRlY2YwNTAxMTBiIiwidXNlcl9pZCI6IjMifQ.L2SjNL5xYotY_PbrcH4h6GmXqw8V64Wi2d3wt690CzU', 'user_role': 'reception', 'payload': {'access': 'eyJhbGciOiJIUzI1NiIsInR5cCI6IkpXVCJ9.eyJ0b2tlbl90eXBlIjoiYWNjZXNzIiwiZXhwIjoxNzY0OTU5NzczLCJpYXQiOjE3NjQ5NTYxNzMsImp0aSI6IjZiZTY5YjM0OTVhODQ1OGU4YWQ5NDRlY2YwNTAxMTBiIiwidXNlcl9pZCI6IjMifQ.L2SjNL5xYotY_PbrcH4h6GmXqw8V64Wi2d3wt690CzU', 'refresh': 'eyJhbGciOiJIUzI1NiIsInR5cCI6IkpXVCJ9.eyJ0b2tlbl90eXBlIjoicmVmcmVzaCIsImV4cCI6MTc2NTA0MjU3MywiaWF0IjoxNzY0OTU2MTczLCJqdGkiOiIxYWJlNzNiMTVjMTg0MTNiOWIyMDFkYmY5ZTlhM2QyMSIsInVzZXJfaWQiOiIzIn0.Ptu814nquHzMF3EEz_c3Dyq0HDzPLVWi7K-OIpV76MA', 'user_role': 'reception'}}
INFO 2025-12-05 18:36:14,007 basehttp 3884 10464 "POST /api/auth/login/ HTTP/1.1" 200 1037
INFO 2025-12-05 18:36:14,024 basehttp 3884 10464 "GET /dashboards/reception/ HTTP/1.1" 200 16059
INFO 2025-12-05 18:36:14,069 basehttp 3884 12096 "GET /api/dashboard/charts/booking-trend/ HTTP/1.1" 200 2
INFO 2025-12-05 18:36:14,071 basehttp 3884 12388 "GET /api/dashboard/charts/room-status/ HTTP/1.1" 200 34
INFO 2025-12-05 18:36:14,078 basehttp 3884 10464 "GET /api/dashboard/stats/ HTTP/1.1" 200 277
WARNING 2025-12-05 18:36:18,328 log 3884 10464 Unauthorized: /api/dashboard/stats/
WARNING 2025-12-05 18:36:18,328 basehttp 3884 10464 "GET /api/dashboard/stats/ HTTP/1.1" 401 9897
INFO 2025-12-05 18:36:19,315 basehttp 3884 10464 "GET / HTTP/1.1" 302 0
INFO 2025-12-05 18:36:19,373 basehttp 3884 10464 "GET /api/dashboard/stats/ HTTP/1.1" 200 277
INFO 2025-12-05 18:36:23,329 basehttp 3884 10464 "GET / HTTP/1.1" 302 0
INFO 2025-12-05 18:36:23,337 basehttp 3884 10464 "GET /dashboards/reception/ HTTP/1.1" 200 16059
INFO 2025-12-05 18:36:23,457 basehttp 3884 12096 "GET /api/dashboard/charts/booking-trend/ HTTP/1.1" 200 2
INFO 2025-12-05 18:36:23,458 basehttp 3884 12388 "GET /api/dashboard/charts/room-status/ HTTP/1.1" 200 34
INFO 2025-12-05 18:36:23,466 basehttp 3884 10464 "GET /api/dashboard/stats/ HTTP/1.1" 200 277
INFO 2025-12-05 18:36:27,418 basehttp 3884 10464 "POST /logout/ HTTP/1.1" 302 0
INFO 2025-12-05 18:36:27,423 basehttp 3884 10464 "GET / HTTP/1.1" 200 7786
INFO 2025-12-05 18:36:31,506 basehttp 3884 10464 "GET / HTTP/1.1" 200 7786
INFO 2025-12-05 18:36:36,113 api_views 3884 10464 Login request received
INFO 2025-12-05 18:36:36,114 api_views 3884 10464 Request data: {'email': 'sou@gmail.com', 'password': 'azerty123456'}
INFO 2025-12-05 18:36:36,115 api_views 3884 10464 Request headers: {'Content-Length': '51', 'Content-Type': 'application/json', 'Host': '127.0.0.1:8000', 'Connection': 'keep-alive', 'Sec-Ch-Ua-Platform': '"Windows"', 'User-Agent': 'Mozilla/5.0 (Windows NT 10.0; Win64; x64) AppleWebKit/537.36 (KHTML, like Gecko) Chrome/140.0.0.0 Safari/537.36 OPR/124.0.0.0', 'Sec-Ch-Ua': '"Chromium";v="140", "Not=A?Brand";v="24", "Opera GX";v="124"', 'Sec-Ch-Ua-Mobile': '?0', 'Accept': '*/*', 'Origin': 'http://127.0.0.1:8000', 'Sec-Fetch-Site': 'same-origin', 'Sec-Fetch-Mode': 'cors', 'Sec-Fetch-Dest': 'empty', 'Referer': 'http://127.0.0.1:8000/', 'Accept-Encoding': 'gzip, deflate, br, zstd', 'Accept-Language': 'fr-FR,fr;q=0.9,en-US;q=0.8,en;q=0.7,ar;q=0.6,ja;q=0.5,es;q=0.4,id;q=0.3,de;q=0.2,th;q=0.1', 'Cookie': 'csrftoken=OkejJr3a2UvmrzAoSFelf8kTJpyZH2Mf'}
INFO 2025-12-05 18:36:36,115 api_views 3884 10464 Content type: application/json
INFO 2025-12-05 18:36:36,606 api_views 3884 10464 JWT response status: 200
INFO 2025-12-05 18:36:36,606 api_views 3884 10464 Looking up user with email: sou@gmail.com
INFO 2025-12-05 18:36:36,607 api_views 3884 10464 Added user role reception to response
INFO 2025-12-05 18:36:36,607 api_views 3884 10464 Added payload field for frontend compatibility
INFO 2025-12-05 18:36:36,612 api_views 3884 10464 Logged login action for user sou@gmail.com
INFO 2025-12-05 18:36:36,613 api_views 3884 10464 Returning response with data keys: ['refresh', 'access', 'user_role', 'payload']
INFO 2025-12-05 18:36:36,613 api_views 3884 10464 Response data: {'refresh': 'eyJhbGciOiJIUzI1NiIsInR5cCI6IkpXVCJ9.eyJ0b2tlbl90eXBlIjoicmVmcmVzaCIsImV4cCI6MTc2NTA0MjU5NiwiaWF0IjoxNzY0OTU2MTk2LCJqdGkiOiJkNWY1ZWM1OWU5OGY0YjkzODdjNDI5YWM4NGI5MGI0MSIsInVzZXJfaWQiOiIzIn0.wHzQeeoFVgpgbfFwZiQUnLbRhlyxbWgGYwGlmKSEPG0', 'access': 'eyJhbGciOiJIUzI1NiIsInR5cCI6IkpXVCJ9.eyJ0b2tlbl90eXBlIjoiYWNjZXNzIiwiZXhwIjoxNzY0OTU5Nzk2LCJpYXQiOjE3NjQ5NTYxOTYsImp0aSI6ImFmMDFlMDBiNzEwNzQ3ZTNhZTNlYjZlYzg4NzQ0NWE5IiwidXNlcl9pZCI6IjMifQ.-vRYP8Nfq8EIa4XoC2dnyNYwtEP-p82uchVrjGe8qys', 'user_role': 'reception', 'payload': {'access': 'eyJhbGciOiJIUzI1NiIsInR5cCI6IkpXVCJ9.eyJ0b2tlbl90eXBlIjoiYWNjZXNzIiwiZXhwIjoxNzY0OTU5Nzk2LCJpYXQiOjE3NjQ5NTYxOTYsImp0aSI6ImFmMDFlMDBiNzEwNzQ3ZTNhZTNlYjZlYzg4NzQ0NWE5IiwidXNlcl9pZCI6IjMifQ.-vRYP8Nfq8EIa4XoC2dnyNYwtEP-p82uchVrjGe8qys', 'refresh': 'eyJhbGciOiJIUzI1NiIsInR5cCI6IkpXVCJ9.eyJ0b2tlbl90eXBlIjoicmVmcmVzaCIsImV4cCI6MTc2NTA0MjU5NiwiaWF0IjoxNzY0OTU2MTk2LCJqdGkiOiJkNWY1ZWM1OWU5OGY0YjkzODdjNDI5YWM4NGI5MGI0MSIsInVzZXJfaWQiOiIzIn0.wHzQeeoFVgpgbfFwZiQUnLbRhlyxbWgGYwGlmKSEPG0', 'user_role': 'reception'}}
INFO 2025-12-05 18:36:36,614 basehttp 3884 10464 "POST /api/auth/login/ HTTP/1.1" 200 1037
INFO 2025-12-05 18:36:36,629 basehttp 3884 10464 "GET /dashboards/reception/ HTTP/1.1" 302 0
INFO 2025-12-05 18:36:36,634 views 3884 10464 Template login view accessed
INFO 2025-12-05 18:36:36,634 views 3884 10464 Request method: GET
INFO 2025-12-05 18:36:36,634 views 3884 10464 User authenticated: False
INFO 2025-12-05 18:36:36,634 views 3884 10464 Rendering login template
INFO 2025-12-05 18:36:36,635 basehttp 3884 10464 "GET /accounts/login/?next=/dashboards/reception/ HTTP/1.1" 200 11406
ERROR 2025-12-06 16:20:26,920 log 3884 20872 Internal Server Error: /
Traceback (most recent call last):
  File "C:\Users\Soulayman\AppData\Local\Programs\Python\Python313\Lib\site-packages\django\core\handlers\exception.py", line 55, in inner
    response = get_response(request)
  File "C:\Users\Soulayman\AppData\Local\Programs\Python\Python313\Lib\site-packages\django\core\handlers\base.py", line 197, in _get_response
    response = wrapped_callback(request, *callback_args, **callback_kwargs)
  File "C:\Users\Soulayman\django\hotel_management\views.py", line 18, in home
    return render(request, 'index.html')
  File "C:\Users\Soulayman\AppData\Local\Programs\Python\Python313\Lib\site-packages\django\shortcuts.py", line 25, in render
    content = loader.render_to_string(template_name, context, request, using=using)
  File "C:\Users\Soulayman\AppData\Local\Programs\Python\Python313\Lib\site-packages\django\template\loader.py", line 61, in render_to_string
    template = get_template(template_name, using=using)
  File "C:\Users\Soulayman\AppData\Local\Programs\Python\Python313\Lib\site-packages\django\template\loader.py", line 15, in get_template
    return engine.get_template(template_name)
           ~~~~~~~~~~~~~~~~~~~^^^^^^^^^^^^^^^
  File "C:\Users\Soulayman\AppData\Local\Programs\Python\Python313\Lib\site-packages\django\template\backends\django.py", line 79, in get_template
    return Template(self.engine.get_template(template_name), self)
                    ~~~~~~~~~~~~~~~~~~~~~~~~^^^^^^^^^^^^^^^
  File "C:\Users\Soulayman\AppData\Local\Programs\Python\Python313\Lib\site-packages\django\template\engine.py", line 177, in get_template
    template, origin = self.find_template(template_name)
                       ~~~~~~~~~~~~~~~~~~^^^^^^^^^^^^^^^
  File "C:\Users\Soulayman\AppData\Local\Programs\Python\Python313\Lib\site-packages\django\template\engine.py", line 159, in find_template
    template = loader.get_template(name, skip=skip)
  File "C:\Users\Soulayman\AppData\Local\Programs\Python\Python313\Lib\site-packages\django\template\loaders\cached.py", line 57, in get_template
    template = super().get_template(template_name, skip)
  File "C:\Users\Soulayman\AppData\Local\Programs\Python\Python313\Lib\site-packages\django\template\loaders\base.py", line 28, in get_template
    return Template(
        contents,
    ...<2 lines>...
        self.engine,
    )
  File "C:\Users\Soulayman\AppData\Local\Programs\Python\Python313\Lib\site-packages\django\template\base.py", line 154, in __init__
    self.nodelist = self.compile_nodelist()
                    ~~~~~~~~~~~~~~~~~~~~~^^
  File "C:\Users\Soulayman\AppData\Local\Programs\Python\Python313\Lib\site-packages\django\template\base.py", line 196, in compile_nodelist
    nodelist = parser.parse()
  File "C:\Users\Soulayman\AppData\Local\Programs\Python\Python313\Lib\site-packages\django\template\base.py", line 518, in parse
    raise self.error(token, e)
  File "C:\Users\Soulayman\AppData\Local\Programs\Python\Python313\Lib\site-packages\django\template\base.py", line 516, in parse
    compiled_result = compile_func(self, token)
  File "C:\Users\Soulayman\AppData\Local\Programs\Python\Python313\Lib\site-packages\django\template\loader_tags.py", line 299, in do_extends
    nodelist = parser.parse()
  File "C:\Users\Soulayman\AppData\Local\Programs\Python\Python313\Lib\site-packages\django\template\base.py", line 518, in parse
    raise self.error(token, e)
  File "C:\Users\Soulayman\AppData\Local\Programs\Python\Python313\Lib\site-packages\django\template\base.py", line 516, in parse
    compiled_result = compile_func(self, token)
  File "C:\Users\Soulayman\AppData\Local\Programs\Python\Python313\Lib\site-packages\django\template\loader_tags.py", line 234, in do_block
    nodelist = parser.parse(("endblock",))
  File "C:\Users\Soulayman\AppData\Local\Programs\Python\Python313\Lib\site-packages\django\template\base.py", line 518, in parse
    raise self.error(token, e)
  File "C:\Users\Soulayman\AppData\Local\Programs\Python\Python313\Lib\site-packages\django\template\base.py", line 516, in parse
    compiled_result = compile_func(self, token)
  File "C:\Users\Soulayman\AppData\Local\Programs\Python\Python313\Lib\site-packages\django\template\loader_tags.py", line 339, in do_include
    value = token_kwargs(remaining_bits, parser, support_legacy=False)
  File "C:\Users\Soulayman\AppData\Local\Programs\Python\Python313\Lib\site-packages\django\template\base.py", line 1127, in token_kwargs
    kwargs[key] = parser.compile_filter(value)
                  ~~~~~~~~~~~~~~~~~~~~~^^^^^^^
  File "C:\Users\Soulayman\AppData\Local\Programs\Python\Python313\Lib\site-packages\django\template\base.py", line 609, in compile_filter
    return FilterExpression(token, self)
  File "C:\Users\Soulayman\AppData\Local\Programs\Python\Python313\Lib\site-packages\django\template\base.py", line 710, in __init__
    raise TemplateSyntaxError(
    ...<2 lines>...
    )
django.template.exceptions.TemplateSyntaxError: Could not parse the remainder: '[{'name':' from '[{'name':'
ERROR 2025-12-06 16:20:26,942 basehttp 3884 20872 "GET / HTTP/1.1" 500 238957
INFO 2025-12-06 16:28:00,787 autoreload 19404 22152 Watching for file changes with StatReloader
INFO 2025-12-06 16:28:34,933 basehttp 3884 9908 "GET / HTTP/1.1" 200 7913
INFO 2025-12-06 16:28:35,256 basehttp 3884 9908 "GET /static/css/tailwind.css HTTP/1.1" 304 0
INFO 2025-12-06 16:28:39,953 api_views 3884 9908 Login request received
INFO 2025-12-06 16:28:39,954 api_views 3884 9908 Request data: {'email': 'sou@gmail.com', 'password': 'azerty123456'}
INFO 2025-12-06 16:28:39,955 api_views 3884 9908 Request headers: {'Content-Length': '51', 'Content-Type': 'application/json', 'Host': '127.0.0.1:8000', 'Connection': 'keep-alive', 'Sec-Ch-Ua-Platform': '"Windows"', 'User-Agent': 'Mozilla/5.0 (Windows NT 10.0; Win64; x64) AppleWebKit/537.36 (KHTML, like Gecko) Chrome/140.0.0.0 Safari/537.36 OPR/124.0.0.0', 'Sec-Ch-Ua': '"Chromium";v="140", "Not=A?Brand";v="24", "Opera GX";v="124"', 'Sec-Ch-Ua-Mobile': '?0', 'Accept': '*/*', 'Origin': 'http://127.0.0.1:8000', 'Sec-Fetch-Site': 'same-origin', 'Sec-Fetch-Mode': 'cors', 'Sec-Fetch-Dest': 'empty', 'Referer': 'http://127.0.0.1:8000/', 'Accept-Encoding': 'gzip, deflate, br, zstd', 'Accept-Language': 'fr-FR,fr;q=0.9,en-US;q=0.8,en;q=0.7,ar;q=0.6,ja;q=0.5,es;q=0.4,id;q=0.3,de;q=0.2,th;q=0.1', 'Cookie': 'csrftoken=OkejJr3a2UvmrzAoSFelf8kTJpyZH2Mf'}
INFO 2025-12-06 16:28:39,956 api_views 3884 9908 Content type: application/json
INFO 2025-12-06 16:28:41,198 api_views 3884 12160 Login request received
INFO 2025-12-06 16:28:41,199 api_views 3884 12160 Request data: {'email': 'sou@gmail.com', 'password': 'azerty123456'}
INFO 2025-12-06 16:28:41,200 api_views 3884 12160 Request headers: {'Content-Length': '51', 'Content-Type': 'application/json', 'Host': '127.0.0.1:8000', 'Connection': 'keep-alive', 'Sec-Ch-Ua-Platform': '"Windows"', 'User-Agent': 'Mozilla/5.0 (Windows NT 10.0; Win64; x64) AppleWebKit/537.36 (KHTML, like Gecko) Chrome/140.0.0.0 Safari/537.36 OPR/124.0.0.0', 'Sec-Ch-Ua': '"Chromium";v="140", "Not=A?Brand";v="24", "Opera GX";v="124"', 'Sec-Ch-Ua-Mobile': '?0', 'Accept': '*/*', 'Origin': 'http://127.0.0.1:8000', 'Sec-Fetch-Site': 'same-origin', 'Sec-Fetch-Mode': 'cors', 'Sec-Fetch-Dest': 'empty', 'Referer': 'http://127.0.0.1:8000/', 'Accept-Encoding': 'gzip, deflate, br, zstd', 'Accept-Language': 'fr-FR,fr;q=0.9,en-US;q=0.8,en;q=0.7,ar;q=0.6,ja;q=0.5,es;q=0.4,id;q=0.3,de;q=0.2,th;q=0.1', 'Cookie': 'csrftoken=OkejJr3a2UvmrzAoSFelf8kTJpyZH2Mf'}
INFO 2025-12-06 16:28:41,201 api_views 3884 12160 Content type: application/json
INFO 2025-12-06 16:28:42,542 api_views 3884 9908 JWT response status: 200
INFO 2025-12-06 16:28:42,544 api_views 3884 9908 Looking up user with email: sou@gmail.com
INFO 2025-12-06 16:28:42,547 api_views 3884 9908 Added user role reception to response
INFO 2025-12-06 16:28:42,548 api_views 3884 9908 Added payload field for frontend compatibility
INFO 2025-12-06 16:28:42,561 api_views 3884 9908 Logged login action for user sou@gmail.com
INFO 2025-12-06 16:28:42,561 api_views 3884 9908 Returning response with data keys: ['refresh', 'access', 'user_role', 'payload']
INFO 2025-12-06 16:28:42,562 api_views 3884 9908 Response data: {'refresh': 'eyJhbGciOiJIUzI1NiIsInR5cCI6IkpXVCJ9.eyJ0b2tlbl90eXBlIjoicmVmcmVzaCIsImV4cCI6MTc2NTEyMTMyMiwiaWF0IjoxNzY1MDM0OTIyLCJqdGkiOiJlZjdkOGY2MGE0YmI0N2UwOTg1ZjVjMjYyMDI3MmU3NSIsInVzZXJfaWQiOiIzIn0.qdVXHlD_CFf3iaRFXe6XvFar1ImvBHAMa5t1d_LV1ic', 'access': 'eyJhbGciOiJIUzI1NiIsInR5cCI6IkpXVCJ9.eyJ0b2tlbl90eXBlIjoiYWNjZXNzIiwiZXhwIjoxNzY1MDM4NTIyLCJpYXQiOjE3NjUwMzQ5MjIsImp0aSI6ImViOGI1NTc0MDdkZTQxYmU5ZjE5YzEyN2IyMTk3OGMxIiwidXNlcl9pZCI6IjMifQ.Bcg-1cPE7e-TN6ACP_dQHH1RcmDdt_u-YrfGL4CzRLw', 'user_role': 'reception', 'payload': {'access': 'eyJhbGciOiJIUzI1NiIsInR5cCI6IkpXVCJ9.eyJ0b2tlbl90eXBlIjoiYWNjZXNzIiwiZXhwIjoxNzY1MDM4NTIyLCJpYXQiOjE3NjUwMzQ5MjIsImp0aSI6ImViOGI1NTc0MDdkZTQxYmU5ZjE5YzEyN2IyMTk3OGMxIiwidXNlcl9pZCI6IjMifQ.Bcg-1cPE7e-TN6ACP_dQHH1RcmDdt_u-YrfGL4CzRLw', 'refresh': 'eyJhbGciOiJIUzI1NiIsInR5cCI6IkpXVCJ9.eyJ0b2tlbl90eXBlIjoicmVmcmVzaCIsImV4cCI6MTc2NTEyMTMyMiwiaWF0IjoxNzY1MDM0OTIyLCJqdGkiOiJlZjdkOGY2MGE0YmI0N2UwOTg1ZjVjMjYyMDI3MmU3NSIsInVzZXJfaWQiOiIzIn0.qdVXHlD_CFf3iaRFXe6XvFar1ImvBHAMa5t1d_LV1ic', 'user_role': 'reception'}}
INFO 2025-12-06 16:28:42,564 basehttp 3884 9908 "POST /api/auth/login/ HTTP/1.1" 200 1037
INFO 2025-12-06 16:28:42,587 basehttp 3884 9908 "GET /dashboards/reception/ HTTP/1.1" 302 0
INFO 2025-12-06 16:28:42,595 views 3884 9908 Template login view accessed
INFO 2025-12-06 16:28:42,595 views 3884 9908 Request method: GET
INFO 2025-12-06 16:28:42,596 views 3884 9908 User authenticated: False
INFO 2025-12-06 16:28:42,597 views 3884 9908 Rendering login template
INFO 2025-12-06 16:28:42,600 basehttp 3884 9908 "GET /accounts/login/?next=/dashboards/reception/ HTTP/1.1" 200 14836
INFO 2025-12-06 16:28:43,751 api_views 3884 12160 JWT response status: 200
INFO 2025-12-06 16:28:43,752 api_views 3884 12160 Looking up user with email: sou@gmail.com
INFO 2025-12-06 16:28:43,754 api_views 3884 12160 Added user role reception to response
INFO 2025-12-06 16:28:43,755 api_views 3884 12160 Added payload field for frontend compatibility
INFO 2025-12-06 16:28:43,767 api_views 3884 12160 Logged login action for user sou@gmail.com
INFO 2025-12-06 16:28:43,767 api_views 3884 12160 Returning response with data keys: ['refresh', 'access', 'user_role', 'payload']
INFO 2025-12-06 16:28:43,768 api_views 3884 12160 Response data: {'refresh': 'eyJhbGciOiJIUzI1NiIsInR5cCI6IkpXVCJ9.eyJ0b2tlbl90eXBlIjoicmVmcmVzaCIsImV4cCI6MTc2NTEyMTMyMywiaWF0IjoxNzY1MDM0OTIzLCJqdGkiOiI4YWIyYjc2NjRhMTU0NGYwYWJkZTMwY2MwZGVhMjA3ZCIsInVzZXJfaWQiOiIzIn0.AqOZOoYbrwUcPN92lD6aIVaBE7q7EYhTZ8URdeIP1No', 'access': 'eyJhbGciOiJIUzI1NiIsInR5cCI6IkpXVCJ9.eyJ0b2tlbl90eXBlIjoiYWNjZXNzIiwiZXhwIjoxNzY1MDM4NTIzLCJpYXQiOjE3NjUwMzQ5MjMsImp0aSI6ImQwOTg2OWY3NzIxMTQyNDM5MjFkY2YxZGYyMDgxMGE2IiwidXNlcl9pZCI6IjMifQ._O4sZZZpVjN066UguiM8g3bIcl5njZNsWlNnluAsXfU', 'user_role': 'reception', 'payload': {'access': 'eyJhbGciOiJIUzI1NiIsInR5cCI6IkpXVCJ9.eyJ0b2tlbl90eXBlIjoiYWNjZXNzIiwiZXhwIjoxNzY1MDM4NTIzLCJpYXQiOjE3NjUwMzQ5MjMsImp0aSI6ImQwOTg2OWY3NzIxMTQyNDM5MjFkY2YxZGYyMDgxMGE2IiwidXNlcl9pZCI6IjMifQ._O4sZZZpVjN066UguiM8g3bIcl5njZNsWlNnluAsXfU', 'refresh': 'eyJhbGciOiJIUzI1NiIsInR5cCI6IkpXVCJ9.eyJ0b2tlbl90eXBlIjoicmVmcmVzaCIsImV4cCI6MTc2NTEyMTMyMywiaWF0IjoxNzY1MDM0OTIzLCJqdGkiOiI4YWIyYjc2NjRhMTU0NGYwYWJkZTMwY2MwZGVhMjA3ZCIsInVzZXJfaWQiOiIzIn0.AqOZOoYbrwUcPN92lD6aIVaBE7q7EYhTZ8URdeIP1No', 'user_role': 'reception'}}
INFO 2025-12-06 16:28:43,771 basehttp 3884 12160 "POST /api/auth/login/ HTTP/1.1" 200 1037
INFO 2025-12-06 16:28:44,438 views 3884 12160 Template login view accessed
INFO 2025-12-06 16:28:44,439 views 3884 12160 Request method: POST
INFO 2025-12-06 16:28:44,440 views 3884 12160 User authenticated: False
INFO 2025-12-06 16:28:44,440 views 3884 12160 Processing POST login request
INFO 2025-12-06 16:28:44,441 views 3884 12160 Request content type: multipart/form-data
INFO 2025-12-06 16:28:44,442 views 3884 12160 Request body: b'------WebKitFormBoundaryxyGFduEs8hUXACmj\r\nContent-Disposition: form-data; name="email"\r\n\r\nsou@gmail.com\r\n------WebKitFormBoundaryxyGFduEs8hUXACmj\r\nContent-Disposition: form-data; name="password"\r\n\r\nazerty123456\r\n------WebKitFormBoundaryxyGFduEs8hUXACmj\r\nContent-Disposition: form-data; name="csrfmiddlewaretoken"\r\n\r\nhmygLqtNNq9bAhxh8HvCG1rwvH1fczqiVwCpkHmNFaunRGXvQczNLZBf4Wp4Jr2n\r\n------WebKitFormBoundaryxyGFduEs8hUXACmj--\r\n'
INFO 2025-12-06 16:28:44,444 views 3884 12160 Request POST data: <QueryDict: {'email': ['sou@gmail.com'], 'password': ['azerty123456'], 'csrfmiddlewaretoken': ['hmygLqtNNq9bAhxh8HvCG1rwvH1fczqiVwCpkHmNFaunRGXvQczNLZBf4Wp4Jr2n']}>
INFO 2025-12-06 16:28:44,444 views 3884 12160 Not JSON data, using form data
INFO 2025-12-06 16:28:44,445 views 3884 12160 Form data - Email: sou@gmail.com
INFO 2025-12-06 16:28:44,446 views 3884 12160 Attempting authentication for email: sou@gmail.com
INFO 2025-12-06 16:28:46,676 views 3884 12160 Authentication result: Success
INFO 2025-12-06 16:28:46,700 views 3884 12160 User sou@gmail.com logged in successfully
INFO 2025-12-06 16:28:46,701 views 3884 12160 Returning redirect response for form submission
INFO 2025-12-06 16:28:46,714 basehttp 3884 12160 "POST /accounts/login/ HTTP/1.1" 302 0
INFO 2025-12-06 16:28:46,734 basehttp 3884 12160 "GET /dashboards/reception/ HTTP/1.1" 200 20270
INFO 2025-12-06 16:28:46,756 views 3884 12160 Template login view accessed
INFO 2025-12-06 16:28:46,756 views 3884 12160 Request method: GET
INFO 2025-12-06 16:28:46,762 views 3884 12160 User authenticated: True
INFO 2025-12-06 16:28:46,763 views 3884 12160 User already authenticated: sou@gmail.com with role reception
INFO 2025-12-06 16:28:46,766 basehttp 3884 12160 "GET /accounts/login/?next=/dashboards/reception/ HTTP/1.1" 302 0
INFO 2025-12-06 16:28:46,784 basehttp 3884 12160 "GET /dashboards/reception/ HTTP/1.1" 200 20270
INFO 2025-12-06 16:28:46,951 basehttp 3884 12160 "GET /api/dashboard/stats/ HTTP/1.1" 200 277
INFO 2025-12-06 16:28:46,952 basehttp 3884 9908 "GET /api/dashboard/charts/room-status/ HTTP/1.1" 200 34
INFO 2025-12-06 16:28:46,962 basehttp 3884 12160 "GET /api/dashboard/charts/booking-trend/ HTTP/1.1" 200 2
INFO 2025-12-06 16:38:43,495 autoreload 24116 1536 C:\Users\Soulayman\django\accounts\views.py changed, reloading.
INFO 2025-12-06 16:38:43,508 autoreload 3884 13740 C:\Users\Soulayman\django\accounts\views.py changed, reloading.
INFO 2025-12-06 16:38:43,508 autoreload 2172 17388 C:\Users\Soulayman\django\accounts\views.py changed, reloading.
INFO 2025-12-06 16:38:43,516 autoreload 19404 22152 C:\Users\Soulayman\django\accounts\views.py changed, reloading.
INFO 2025-12-06 16:38:44,540 autoreload 19740 18380 Watching for file changes with StatReloader
INFO 2025-12-06 16:38:44,543 autoreload 25232 18424 Watching for file changes with StatReloader
INFO 2025-12-06 16:38:44,554 autoreload 28136 26532 Watching for file changes with StatReloader
INFO 2025-12-06 16:38:44,568 autoreload 27312 8592 Watching for file changes with StatReloader
INFO 2025-12-06 16:38:55,425 autoreload 25232 18424 C:\Users\Soulayman\django\dashboard\views.py changed, reloading.
INFO 2025-12-06 16:38:55,435 autoreload 28136 26532 C:\Users\Soulayman\django\dashboard\views.py changed, reloading.
INFO 2025-12-06 16:38:55,452 autoreload 27312 8592 C:\Users\Soulayman\django\dashboard\views.py changed, reloading.
INFO 2025-12-06 16:38:55,466 autoreload 19740 18380 C:\Users\Soulayman\django\dashboard\views.py changed, reloading.
INFO 2025-12-06 16:38:57,558 autoreload 2912 4264 Watching for file changes with StatReloader
INFO 2025-12-06 16:38:57,576 autoreload 26008 12876 Watching for file changes with StatReloader
INFO 2025-12-06 16:38:57,576 autoreload 28056 28068 Watching for file changes with StatReloader
INFO 2025-12-06 16:38:57,612 autoreload 25040 3064 Watching for file changes with StatReloader
INFO 2025-12-06 16:39:03,068 autoreload 2912 4264 C:\Users\Soulayman\django\hotel_management\views.py changed, reloading.
INFO 2025-12-06 16:39:03,142 autoreload 25040 3064 C:\Users\Soulayman\django\hotel_management\views.py changed, reloading.
INFO 2025-12-06 16:39:03,168 autoreload 28056 28068 C:\Users\Soulayman\django\hotel_management\views.py changed, reloading.
INFO 2025-12-06 16:39:03,230 autoreload 26008 12876 C:\Users\Soulayman\django\hotel_management\views.py changed, reloading.
INFO 2025-12-06 16:39:05,240 autoreload 26104 17260 Watching for file changes with StatReloader
INFO 2025-12-06 16:39:05,312 autoreload 9176 25440 Watching for file changes with StatReloader
INFO 2025-12-06 16:39:05,353 autoreload 26324 25228 Watching for file changes with StatReloader
INFO 2025-12-06 16:39:05,390 autoreload 24064 26896 Watching for file changes with StatReloader
INFO 2025-12-06 16:40:29,875 autoreload 27684 27248 Watching for file changes with StatReloader
INFO 2025-12-06 16:40:51,888 autoreload 16452 1196 Watching for file changes with StatReloader
INFO 2025-12-06 16:41:21,870 autoreload 16452 1196 C:\Users\Soulayman\django\accounts\views.py changed, reloading.
INFO 2025-12-06 16:41:22,596 autoreload 14584 15380 Watching for file changes with StatReloader
INFO 2025-12-06 16:41:30,882 autoreload 21824 21836 Watching for file changes with StatReloader
INFO 2025-12-06 16:41:40,056 basehttp 14584 12208 "GET / HTTP/1.1" 302 0
INFO 2025-12-06 16:41:40,090 basehttp 14584 12208 "GET /dashboards/reception/ HTTP/1.1" 200 20270
INFO 2025-12-06 16:41:42,772 basehttp 14584 23632 "GET /api/dashboard/charts/room-status/ HTTP/1.1" 200 34
INFO 2025-12-06 16:41:42,788 basehttp 14584 24420 "GET /api/dashboard/charts/booking-trend/ HTTP/1.1" 200 2
INFO 2025-12-06 16:41:42,804 basehttp 14584 12208 "GET /api/dashboard/stats/ HTTP/1.1" 200 277
INFO 2025-12-06 16:41:47,370 basehttp 14584 12208 "POST /logout/ HTTP/1.1" 302 0
INFO 2025-12-06 16:41:47,387 basehttp 14584 12208 "GET / HTTP/1.1" 200 8077
INFO 2025-12-06 16:41:50,276 basehttp 14584 12208 "POST /logout/ HTTP/1.1" 302 0
INFO 2025-12-06 16:41:50,291 basehttp 14584 12208 "GET / HTTP/1.1" 200 8077
INFO 2025-12-06 16:41:53,088 views 14584 12208 Template login view accessed
INFO 2025-12-06 16:41:53,089 views 14584 12208 Request method: POST
INFO 2025-12-06 16:41:53,090 views 14584 12208 User authenticated: False
INFO 2025-12-06 16:41:53,091 views 14584 12208 Processing POST login request
INFO 2025-12-06 16:41:53,091 views 14584 12208 Request content type: application/json
INFO 2025-12-06 16:41:53,092 views 14584 12208 Request body: b'{"email":"sou@gmail.com","password":"azerty123456"}'
INFO 2025-12-06 16:41:53,092 views 14584 12208 Request POST data: <QueryDict: {}>
INFO 2025-12-06 16:41:53,093 views 14584 12208 Parsed JSON data - Email: sou@gmail.com
INFO 2025-12-06 16:41:53,094 views 14584 12208 Attempting authentication for email: sou@gmail.com
INFO 2025-12-06 16:41:55,293 views 14584 12208 Authentication result: Success
INFO 2025-12-06 16:41:55,318 views 14584 12208 User sou@gmail.com logged in successfully
INFO 2025-12-06 16:41:55,319 views 14584 12208 Returning JSON response for AJAX request
INFO 2025-12-06 16:41:55,332 basehttp 14584 12208 "POST /accounts/login/ HTTP/1.1" 200 167
INFO 2025-12-06 16:41:55,371 basehttp 14584 12208 "GET /dashboards/reception/ HTTP/1.1" 200 20270
INFO 2025-12-06 16:41:55,461 basehttp 14584 23632 "GET /api/dashboard/charts/booking-trend/ HTTP/1.1" 200 2
INFO 2025-12-06 16:41:55,483 basehttp 14584 24420 "GET /api/dashboard/charts/room-status/ HTTP/1.1" 200 34
INFO 2025-12-06 16:41:55,498 basehttp 14584 12208 "GET /api/dashboard/stats/ HTTP/1.1" 200 277
INFO 2025-12-06 16:41:58,324 basehttp 14584 12208 "GET /accounts/profile/ HTTP/1.1" 200 18126
INFO 2025-12-06 16:41:58,425 basehttp 14584 12208 "GET /api/auth/profile/ HTTP/1.1" 200 130
INFO 2025-12-06 16:42:03,287 basehttp 14584 12208 "GET /rooms/management/ HTTP/1.1" 200 13761
INFO 2025-12-06 16:42:03,384 basehttp 14584 12208 "GET /api/rooms/reception/ HTTP/1.1" 200 1077
INFO 2025-12-06 16:42:42,085 basehttp 14584 12208 "GET /rooms/management/ HTTP/1.1" 200 13761
INFO 2025-12-06 16:42:42,351 basehttp 14584 12208 "GET /api/rooms/reception/ HTTP/1.1" 200 1077
INFO 2025-12-06 16:43:21,477 basehttp 14584 12208 "GET /dashboards/reception/ HTTP/1.1" 200 20270
INFO 2025-12-06 16:43:21,683 basehttp 14584 24420 "GET /api/dashboard/charts/room-status/ HTTP/1.1" 200 34
INFO 2025-12-06 16:43:21,702 basehttp 14584 23632 "GET /api/dashboard/charts/booking-trend/ HTTP/1.1" 200 2
INFO 2025-12-06 16:43:21,707 basehttp 14584 12208 "GET /api/dashboard/stats/ HTTP/1.1" 200 277
INFO 2025-12-06 16:43:23,238 basehttp 14584 12208 "GET / HTTP/1.1" 302 0
INFO 2025-12-06 16:43:23,258 basehttp 14584 12208 "GET /dashboards/reception/ HTTP/1.1" 200 20270
INFO 2025-12-06 16:43:23,430 basehttp 14584 23632 "GET /api/dashboard/charts/room-status/ HTTP/1.1" 200 34
INFO 2025-12-06 16:43:23,441 basehttp 14584 24420 "GET /api/dashboard/charts/booking-trend/ HTTP/1.1" 200 2
INFO 2025-12-06 16:43:23,453 basehttp 14584 12208 "GET /api/dashboard/stats/ HTTP/1.1" 200 277
INFO 2025-12-06 16:44:03,596 basehttp 14584 12208 "POST /logout/ HTTP/1.1" 302 0
INFO 2025-12-06 16:44:03,608 basehttp 14584 12208 "GET / HTTP/1.1" 200 8077
INFO 2025-12-06 16:44:13,241 views 14584 12208 Template login view accessed
INFO 2025-12-06 16:44:13,243 views 14584 12208 Request method: POST
INFO 2025-12-06 16:44:13,244 views 14584 12208 User authenticated: False
INFO 2025-12-06 16:44:13,244 views 14584 12208 Processing POST login request
INFO 2025-12-06 16:44:13,245 views 14584 12208 Request content type: application/json
INFO 2025-12-06 16:44:13,246 views 14584 12208 Request body: b'{"email":"admin@hotel.com","password":"admin123"}'
INFO 2025-12-06 16:44:13,247 views 14584 12208 Request POST data: <QueryDict: {}>
INFO 2025-12-06 16:44:13,247 views 14584 12208 Parsed JSON data - Email: admin@hotel.com
INFO 2025-12-06 16:44:13,249 views 14584 12208 Attempting authentication for email: admin@hotel.com
INFO 2025-12-06 16:44:15,569 views 14584 12208 Authentication result: Success
INFO 2025-12-06 16:44:15,592 views 14584 12208 User admin@hotel.com logged in successfully
INFO 2025-12-06 16:44:15,593 views 14584 12208 Returning JSON response for AJAX request
INFO 2025-12-06 16:44:15,606 basehttp 14584 12208 "POST /accounts/login/ HTTP/1.1" 200 159
INFO 2025-12-06 16:44:15,654 basehttp 14584 12208 "GET /dashboards/admin/ HTTP/1.1" 200 19550
INFO 2025-12-06 16:44:15,833 basehttp 14584 24420 "GET /api/dashboard/charts/room-status/ HTTP/1.1" 200 34
INFO 2025-12-06 16:44:15,853 basehttp 14584 12208 "GET /api/dashboard/stats/ HTTP/1.1" 200 277
INFO 2025-12-06 16:44:20,138 basehttp 14584 12208 "GET /admin/ HTTP/1.1" 302 0
INFO 2025-12-06 16:44:20,244 basehttp 14584 12208 "GET /admin/login/?next=/admin/ HTTP/1.1" 200 3694
INFO 2025-12-06 16:44:25,737 basehttp 14584 12208 "POST /admin/login/?next=/admin/ HTTP/1.1" 200 3869
INFO 2025-12-06 16:44:33,384 basehttp 14584 12208 "GET /admin/login/?next=/admin/ HTTP/1.1" 200 3694
INFO 2025-12-06 16:44:45,478 basehttp 14584 12208 "GET /admin/ HTTP/1.1" 302 0
INFO 2025-12-06 16:44:45,514 basehttp 14584 12208 "GET /admin/login/?next=/admin/ HTTP/1.1" 200 3694
INFO 2025-12-06 16:52:05,312 autoreload 21824 21836 C:\Users\Soulayman\django\accounts\api_views.py changed, reloading.
INFO 2025-12-06 16:52:05,349 autoreload 14584 15380 C:\Users\Soulayman\django\accounts\api_views.py changed, reloading.
INFO 2025-12-06 16:52:05,822 autoreload 25996 16196 Watching for file changes with StatReloader
INFO 2025-12-06 16:52:05,857 autoreload 4456 15592 Watching for file changes with StatReloader
INFO 2025-12-06 16:52:11,572 autoreload 13096 18228 Watching for file changes with StatReloader
INFO 2025-12-06 16:54:25,622 basehttp 25996 20540 "GET /dashboards/admin/ HTTP/1.1" 200 17898
INFO 2025-12-06 16:54:25,778 basehttp 25996 20540 "GET /api/auth/admin/users/ HTTP/1.1" 200 2
INFO 2025-12-06 16:54:41,645 basehttp 25996 20540 "GET /dashboards/admin/ HTTP/1.1" 200 17898
INFO 2025-12-06 16:54:41,807 basehttp 25996 20540 "GET /api/auth/admin/users/ HTTP/1.1" 200 2
WARNING 2025-12-06 16:54:46,591 log 25996 20540 Unauthorized: /api/auth/admin/users/
WARNING 2025-12-06 16:54:46,592 basehttp 25996 20540 "GET /api/auth/admin/users/ HTTP/1.1" 401 9908
INFO 2025-12-06 16:56:52,273 autoreload 10380 21848 Watching for file changes with StatReloader
INFO 2025-12-06 16:57:22,370 autoreload 4456 15592 C:\Users\Soulayman\django\accounts\api_views.py changed, reloading.
INFO 2025-12-06 16:57:22,376 autoreload 13096 18228 C:\Users\Soulayman\django\accounts\api_views.py changed, reloading.
INFO 2025-12-06 16:57:22,798 autoreload 10380 21848 C:\Users\Soulayman\django\accounts\api_views.py changed, reloading.
INFO 2025-12-06 16:57:22,959 autoreload 14496 4348 Watching for file changes with StatReloader
INFO 2025-12-06 16:57:22,968 autoreload 5272 10264 Watching for file changes with StatReloader
INFO 2025-12-06 16:57:23,006 autoreload 25996 16196 C:\Users\Soulayman\django\accounts\api_views.py changed, reloading.
INFO 2025-12-06 16:57:23,384 autoreload 23980 15580 Watching for file changes with StatReloader
INFO 2025-12-06 16:57:23,644 autoreload 26960 11964 Watching for file changes with StatReloader
INFO 2025-12-06 16:57:30,378 autoreload 25784 20892 Watching for file changes with StatReloader
INFO 2025-12-06 16:57:50,437 autoreload 26960 11964 C:\Users\Soulayman\django\accounts\api_views.py changed, reloading.
INFO 2025-12-06 16:57:50,747 autoreload 25784 20892 C:\Users\Soulayman\django\accounts\api_views.py changed, reloading.
INFO 2025-12-06 16:57:50,867 autoreload 21764 20644 Watching for file changes with StatReloader
INFO 2025-12-06 16:57:51,108 autoreload 14496 4348 C:\Users\Soulayman\django\accounts\api_views.py changed, reloading.
INFO 2025-12-06 16:57:51,111 autoreload 5272 10264 C:\Users\Soulayman\django\accounts\api_views.py changed, reloading.
INFO 2025-12-06 16:57:51,221 autoreload 21968 27256 Watching for file changes with StatReloader
INFO 2025-12-06 16:57:51,283 autoreload 23980 15580 C:\Users\Soulayman\django\accounts\api_views.py changed, reloading.
INFO 2025-12-06 16:57:51,672 autoreload 21972 21964 Watching for file changes with StatReloader
INFO 2025-12-06 16:57:51,696 autoreload 4172 20164 Watching for file changes with StatReloader
INFO 2025-12-06 16:57:51,844 autoreload 8224 24700 Watching for file changes with StatReloader
INFO 2025-12-06 16:57:57,469 basehttp 21764 21796 "GET /dashboards/admin/ HTTP/1.1" 200 18240
INFO 2025-12-06 16:57:57,610 basehttp 21764 21796 "GET /api/auth/admin/users/ HTTP/1.1" 200 407
INFO 2025-12-06 16:58:28,317 basehttp 21764 21796 "DELETE /api/auth/admin/users/2/ HTTP/1.1" 204 0
INFO 2025-12-06 16:58:28,325 basehttp 21764 21796 "GET /api/auth/admin/users/ HTTP/1.1" 200 261
INFO 2025-12-06 17:09:39,127 autoreload 3528 6584 Watching for file changes with StatReloader
INFO 2025-12-06 17:11:04,652 basehttp 21764 18464 "GET /dashboards/admin/ HTTP/1.1" 200 20344
INFO 2025-12-06 17:11:04,732 basehttp 21764 18464 "GET /static/css/custom.css HTTP/1.1" 200 5183
INFO 2025-12-06 17:11:04,788 basehttp 21764 18464 "GET /api/auth/admin/users/ HTTP/1.1" 200 261
INFO 2025-12-06 17:11:38,755 basehttp 21764 18464 "POST /logout/ HTTP/1.1" 302 0
INFO 2025-12-06 17:11:38,762 basehttp 21764 18464 "GET / HTTP/1.1" 200 8177
INFO 2025-12-06 17:11:38,784 basehttp 21764 18464 "GET /static/css/custom.css HTTP/1.1" 304 0
INFO 2025-12-06 17:11:50,381 views 21764 18464 Template login view accessed
INFO 2025-12-06 17:11:50,381 views 21764 18464 Request method: POST
INFO 2025-12-06 17:11:50,381 views 21764 18464 User authenticated: False
INFO 2025-12-06 17:11:50,381 views 21764 18464 Processing POST login request
INFO 2025-12-06 17:11:50,382 views 21764 18464 Request content type: application/json
INFO 2025-12-06 17:11:50,382 views 21764 18464 Request body: b'{"email":"sou@gmail.com","password":"azerty123456"}'
INFO 2025-12-06 17:11:50,382 views 21764 18464 Request POST data: <QueryDict: {}>
INFO 2025-12-06 17:11:50,382 views 21764 18464 Parsed JSON data - Email: sou@gmail.com
INFO 2025-12-06 17:11:50,382 views 21764 18464 Attempting authentication for email: sou@gmail.com
INFO 2025-12-06 17:11:50,888 views 21764 18464 Authentication result: Success
INFO 2025-12-06 17:11:50,898 views 21764 18464 User sou@gmail.com logged in successfully
INFO 2025-12-06 17:11:50,898 views 21764 18464 Returning JSON response for AJAX request
INFO 2025-12-06 17:11:50,904 basehttp 21764 18464 "POST /accounts/login/ HTTP/1.1" 200 167
INFO 2025-12-06 17:11:50,921 basehttp 21764 18464 "GET /dashboards/reception/ HTTP/1.1" 200 20488
INFO 2025-12-06 17:11:50,942 basehttp 21764 18464 "GET /static/css/custom.css HTTP/1.1" 304 0
INFO 2025-12-06 17:11:51,029 basehttp 21764 22364 "GET /api/dashboard/charts/room-status/ HTTP/1.1" 200 34
INFO 2025-12-06 17:11:51,030 basehttp 21764 22024 "GET /api/dashboard/charts/booking-trend/ HTTP/1.1" 200 2
INFO 2025-12-06 17:11:51,053 basehttp 21764 18464 "GET /api/dashboard/stats/ HTTP/1.1" 200 277
INFO 2025-12-06 17:12:02,468 basehttp 21764 18464 "GET /bookings/management/ HTTP/1.1" 200 15587
INFO 2025-12-06 17:12:02,490 basehttp 21764 18464 "GET /static/css/custom.css HTTP/1.1" 304 0
INFO 2025-12-06 17:12:02,526 basehttp 21764 18464 "GET /api/bookings/reception/ HTTP/1.1" 200 2
INFO 2025-12-06 17:12:18,822 basehttp 21764 18464 "GET /rooms/management/ HTTP/1.1" 200 13879
INFO 2025-12-06 17:12:18,844 basehttp 21764 18464 "GET /static/css/custom.css HTTP/1.1" 304 0
INFO 2025-12-06 17:12:18,876 basehttp 21764 18464 "GET /api/rooms/reception/ HTTP/1.1" 200 1077
INFO 2025-12-06 17:12:35,458 basehttp 21764 18464 "GET /static/css/custom.css HTTP/1.1" 304 0
INFO 2025-12-06 17:12:54,042 basehttp 21764 18464 "GET /rooms/management/ HTTP/1.1" 200 13879
INFO 2025-12-06 17:12:54,074 basehttp 21764 18464 "GET /static/css/custom.css HTTP/1.1" 304 0
INFO 2025-12-06 17:12:54,186 basehttp 21764 18464 "GET /api/rooms/reception/ HTTP/1.1" 200 1077
